\BOOKMARK [1][-]{section.1}{Partial compact quantum groups}{}% 1
\BOOKMARK [2][-]{subsection.1.1}{Partial algebras}{section.1}% 2
\BOOKMARK [2][-]{subsection.1.2}{Partial coalgebras}{section.1}% 3
\BOOKMARK [2][-]{subsection.1.3}{Partial bialgebras}{section.1}% 4
\BOOKMARK [2][-]{subsection.1.4}{Partial Hopf algebras}{section.1}% 5
\BOOKMARK [2][-]{subsection.1.5}{Invariant integrals}{section.1}% 6
\BOOKMARK [2][-]{subsection.1.6}{Partial compact quantum groups}{section.1}% 7
\BOOKMARK [1][-]{section.2}{Partial tensor categories}{}% 8
\BOOKMARK [1][-]{section.3}{Representations of partial compact quantum groups}{}% 9
\BOOKMARK [2][-]{subsection.3.1}{Corepresentations of partial bialgebras}{section.3}% 10
\BOOKMARK [2][-]{subsection.3.2}{Corepresentations of partial Hopf algebras}{section.3}% 11
\BOOKMARK [2][-]{subsection.3.3}{Tensor product and duality}{section.3}% 12
\BOOKMARK [2][-]{subsection.3.4}{Decomposition into irreducibles}{section.3}% 13
\BOOKMARK [2][-]{subsection.3.5}{Matrix coefficients of irreducible corepresentations}{section.3}% 14
\BOOKMARK [2][-]{subsection.3.6}{Unitary corepresentations of partial compact quantum groups}{section.3}% 15
\BOOKMARK [2][-]{subsection.3.7}{Analogues of Woronowicz's characters}{section.3}% 16
\BOOKMARK [1][-]{section.4}{Tannaka-Kren-Woronowicz duality for partial compact quantum groups}{}% 17
\BOOKMARK [1][-]{section.5}{Examples}{}% 18
\BOOKMARK [2][-]{subsection.5.1}{Hayashi's canonical partial compact quantum groups}{section.5}% 19
\BOOKMARK [2][-]{subsection.5.2}{Morita equivalence}{section.5}% 20
\BOOKMARK [2][-]{subsection.5.3}{Weak Morita equivalence}{section.5}% 21
\BOOKMARK [1][-]{section.6}{Partial compact quantum groups from reciprocal random walks}{}% 22
\BOOKMARK [2][-]{subsection.6.1}{Reciprocal random walks}{section.6}% 23
\BOOKMARK [2][-]{subsection.6.2}{Temperley-Lieb categories}{section.6}% 24
\BOOKMARK [2][-]{subsection.6.3}{Universal orthogonal partial compact quantum groups}{section.6}% 25
\BOOKMARK [2][-]{subsection.6.4}{Dynamical quantum SU\(2\) from the Podles graph}{section.6}% 26
