\BOOKMARK [1][-]{section.1}{Partial compact quantum groups}{}% 1
\BOOKMARK [2][-]{subsection.1.1}{Partial algebras}{section.1}% 2
\BOOKMARK [2][-]{subsection.1.2}{Partial coalgebras}{section.1}% 3
\BOOKMARK [2][-]{subsection.1.3}{Partial bialgebras}{section.1}% 4
\BOOKMARK [2][-]{subsection.1.4}{Partial Hopf algebras}{section.1}% 5
\BOOKMARK [2][-]{subsection.1.5}{Invariant integrals}{section.1}% 6
\BOOKMARK [2][-]{subsection.1.6}{Partial compact quantum groups}{section.1}% 7
\BOOKMARK [1][-]{section.2}{Partial tensor categories}{}% 8
\BOOKMARK [1][-]{section.3}{Representation theory of partial compact quantum groups}{}% 9
\BOOKMARK [2][-]{subsection.3.1}{Corepresentations of partial Hopf algebras}{section.3}% 10
\BOOKMARK [2][-]{subsection.3.2}{Tensor product and duality}{section.3}% 11
\BOOKMARK [2][-]{subsection.3.3}{Decomposition into irreducible corepresentations}{section.3}% 12
\BOOKMARK [2][-]{subsection.3.4}{Matrix coefficients of irreducible corepresentations}{section.3}% 13
\BOOKMARK [2][-]{subsection.3.5}{Unitary corepresentations of partial compact quantum groups}{section.3}% 14
\BOOKMARK [2][-]{subsection.3.6}{Analogues of Woronowicz's characters}{section.3}% 15
\BOOKMARK [1][-]{section.4}{Tannaka-Krein-Woronowicz duality for partial compact quantum groups}{}% 16
\BOOKMARK [1][-]{section.5}{Examples}{}% 17
\BOOKMARK [2][-]{subsection.5.1}{Classical examples}{section.5}% 18
\BOOKMARK [2][-]{subsection.5.2}{Canonical partial compact quantum groups}{section.5}% 19
\BOOKMARK [2][-]{subsection.5.3}{Morita equivalence}{section.5}% 20
\BOOKMARK [2][-]{subsection.5.4}{Weak Morita equivalence}{section.5}% 21
\BOOKMARK [1][-]{section.6}{Partial compact quantum groups on the level of operator algebras}{}% 22
